e:\azure_libs\azure-iot-sdk-c\iothub_client\samples\iothub_ll_c2d_sample copy\windows\x64\debug\vc143.pdb
e:\azure_libs\azure-iot-sdk-c\iothub_client\samples\iothub_ll_c2d_sample copy\windows\x64\debug\vc143.idb
e:\azure_libs\azure-iot-sdk-c\iothub_client\samples\iothub_ll_c2d_sample copy\windows\x64\debug\smartroom.obj
e:\azure_libs\azure-iot-sdk-c\iothub_client\samples\iothub_ll_c2d_sample copy\windows\x64\debug\getc2dms.obj
e:\eit\courses\iot\assignments\assignment-03\pc_vs2\smartroom\windows\x64\debug\vc143.pdb
e:\eit\courses\iot\assignments\assignment-03\pc_vs2\smartroom\windows\x64\debug\vc143.idb
e:\eit\courses\iot\assignments\assignment-03\pc_vs2\smartroom\windows\x64\debug\smartroom.obj
e:\eit\courses\iot\assignments\assignment-03\pc_vs2\smartroom\windows\x64\debug\getc2dms.obj
e:\eit\courses\iot\assignments\assignment-03\pc_vs2\smartroom\windows\x64\debug\timer_test.obj
e:\eit\courses\iot\assignments\assignment-03\pc_vs2\smartroom\windows\x64\debug\timer.obj
e:\eit\courses\iot\assignments\assignment-03\pc_vs2\smartroom\windows\x64\debug\scheduler.obj
e:\eit\courses\iot\assignments\assignment-03\pc_vs2\smartroom\windows\x64\debug\pir.obj
e:\eit\courses\iot\assignments\assignment-03\pc_vs2\smartroom\windows\x64\debug\air.obj
e:\eit\courses\iot\assignments\assignment-03\pc_vs2\smartroom\windows\x64\debug\testtask.obj
e:\eit\courses\iot\assignments\assignment-03\pc_vs2\smartroom\windows\x64\debug\lighttask.obj
e:\eit\courses\iot\assignments\assignment-03\pc_vs2\smartroom\windows\x64\debug\sendd2cms.obj
e:\eit\courses\iot\assignments\assignment-03\pc_vs2\smartroom\windows\x64\debug\iottask.obj
e:\eit\courses\iot\assignments\assignment-03\pc_vs2\smartroom\windows\x64\debug\roller.obj
e:\eit\courses\iot\assignments\assignment-03\pc_vs2\smartroom\windows\x64\debug\led.obj
e:\eit\courses\iot\assignments\assignment-03\pc_vs2\smartroom\windows\x64\debug\serialib.obj
e:\eit\courses\iot\assignments\assignment-03\pc_vs2\smartroom\windows\x64\debug\roomtask.obj
e:\eit\courses\iot\assignments\assignment-03\pc_vs2\smartroom\windows\x64\debug\serialtask.obj
e:\azure_libs\azure-iot-sdk-c\iothub_client\samples\iothub_ll_c2d_sample copy\windows\x64\debug\smartroom.ilk
e:\azure_libs\azure-iot-sdk-c\iothub_client\samples\iothub_ll_c2d_sample copy\windows\x64\debug\smartroom.exe
e:\azure_libs\azure-iot-sdk-c\iothub_client\samples\iothub_ll_c2d_sample copy\windows\x64\debug\smartroom.pdb
e:\eit\courses\iot\assignments\assignment-03\pc_vs2\smartroom\windows\x64\debug\smartroom.exe
e:\eit\courses\iot\assignments\assignment-03\pc_vs2\smartroom\windows\x64\debug\smartroom.ilk
e:\eit\courses\iot\assignments\assignment-03\pc_vs2\smartroom\windows\x64\debug\smartroom.pdb
e:\eit\courses\iot\assignments\assignment-03\pc_vs2\smartroom\windows\x64\debug\getc2dms.obj.enc
e:\eit\courses\iot\assignments\assignment-03\pc_vs2\smartroom\windows\x64\debug\smartroom.obj.enc
e:\eit\courses\iot\assignments\assignment-03\pc_vs2\smartroom\windows\x64\debug\testtask.obj.enc
e:\eit\courses\iot\assignments\assignment-03\pc_vs2\smartroom\windows\x64\debug\smartroom.tlog\cl.command.1.tlog
e:\eit\courses\iot\assignments\assignment-03\pc_vs2\smartroom\windows\x64\debug\smartroom.tlog\cl.read.1.tlog
e:\eit\courses\iot\assignments\assignment-03\pc_vs2\smartroom\windows\x64\debug\smartroom.tlog\cl.write.1.tlog
e:\eit\courses\iot\assignments\assignment-03\pc_vs2\smartroom\windows\x64\debug\smartroom.tlog\link-cvtres.read.1.tlog
e:\eit\courses\iot\assignments\assignment-03\pc_vs2\smartroom\windows\x64\debug\smartroom.tlog\link-cvtres.write.1.tlog
e:\eit\courses\iot\assignments\assignment-03\pc_vs2\smartroom\windows\x64\debug\smartroom.tlog\link-rc.read.1.tlog
e:\eit\courses\iot\assignments\assignment-03\pc_vs2\smartroom\windows\x64\debug\smartroom.tlog\link-rc.write.1.tlog
e:\eit\courses\iot\assignments\assignment-03\pc_vs2\smartroom\windows\x64\debug\smartroom.tlog\link.18872-cvtres.read.1.tlog
e:\eit\courses\iot\assignments\assignment-03\pc_vs2\smartroom\windows\x64\debug\smartroom.tlog\link.18872-cvtres.write.1.tlog
e:\eit\courses\iot\assignments\assignment-03\pc_vs2\smartroom\windows\x64\debug\smartroom.tlog\link.18872-rc.read.1.tlog
e:\eit\courses\iot\assignments\assignment-03\pc_vs2\smartroom\windows\x64\debug\smartroom.tlog\link.18872-rc.write.1.tlog
e:\eit\courses\iot\assignments\assignment-03\pc_vs2\smartroom\windows\x64\debug\smartroom.tlog\link.18872.read.1.tlog
e:\eit\courses\iot\assignments\assignment-03\pc_vs2\smartroom\windows\x64\debug\smartroom.tlog\link.18872.read.2.tlog
e:\eit\courses\iot\assignments\assignment-03\pc_vs2\smartroom\windows\x64\debug\smartroom.tlog\link.18872.write.1.tlog
e:\eit\courses\iot\assignments\assignment-03\pc_vs2\smartroom\windows\x64\debug\smartroom.tlog\link.command.1.tlog
e:\eit\courses\iot\assignments\assignment-03\pc_vs2\smartroom\windows\x64\debug\smartroom.tlog\link.read.1.tlog
e:\eit\courses\iot\assignments\assignment-03\pc_vs2\smartroom\windows\x64\debug\smartroom.tlog\link.read.2.tlog
e:\eit\courses\iot\assignments\assignment-03\pc_vs2\smartroom\windows\x64\debug\smartroom.tlog\link.write.1.tlog
