  SmartRoom.cpp
iothub_ll_c2d_sample.obj : error LNK2019: 无法解析的外部符号 IoTHub_Init，函数 main 中引用了该符号
iothub_ll_c2d_sample.obj : error LNK2019: 无法解析的外部符号 IoTHub_Deinit，函数 main 中引用了该符号
iothub_ll_c2d_sample.obj : error LNK2019: 无法解析的外部符号 IoTHubMessage_GetByteArray，函数 receive_msg_callback 中引用了该符号
iothub_ll_c2d_sample.obj : error LNK2019: 无法解析的外部符号 IoTHubMessage_GetString，函数 receive_msg_callback 中引用了该符号
iothub_ll_c2d_sample.obj : error LNK2019: 无法解析的外部符号 IoTHubMessage_GetContentType，函数 receive_msg_callback 中引用了该符号
iothub_ll_c2d_sample.obj : error LNK2019: 无法解析的外部符号 IoTHubMessage_GetProperty，函数 receive_msg_callback 中引用了该符号
iothub_ll_c2d_sample.obj : error LNK2019: 无法解析的外部符号 IoTHubMessage_GetMessageId，函数 receive_msg_callback 中引用了该符号
iothub_ll_c2d_sample.obj : error LNK2019: 无法解析的外部符号 IoTHubMessage_GetCorrelationId，函数 receive_msg_callback 中引用了该符号
iothub_ll_c2d_sample.obj : error LNK2019: 无法解析的外部符号 IoTHubDeviceClient_LL_CreateFromConnectionString，函数 main 中引用了该符号
iothub_ll_c2d_sample.obj : error LNK2019: 无法解析的外部符号 IoTHubDeviceClient_LL_Destroy，函数 main 中引用了该符号
iothub_ll_c2d_sample.obj : error LNK2019: 无法解析的外部符号 IoTHubDeviceClient_LL_SetMessageCallback，函数 main 中引用了该符号
iothub_ll_c2d_sample.obj : error LNK2019: 无法解析的外部符号 IoTHubDeviceClient_LL_DoWork，函数 main 中引用了该符号
iothub_ll_c2d_sample.obj : error LNK2019: 无法解析的外部符号 IoTHubDeviceClient_LL_SetOption，函数 main 中引用了该符号
iothub_ll_c2d_sample.obj : error LNK2019: 无法解析的外部符号 ThreadAPI_Sleep，函数 main 中引用了该符号
iothub_ll_c2d_sample.obj : error LNK2019: 无法解析的外部符号 MQTT_Protocol，函数 main 中引用了该符号
iothub_ll_c2d_sample.obj : error LNK2019: 无法解析的外部符号 json_parse_string，函数 receive_msg_callback 中引用了该符号
iothub_ll_c2d_sample.obj : error LNK2019: 无法解析的外部符号 json_object_dotget_number，函数 receive_msg_callback 中引用了该符号
iothub_ll_c2d_sample.obj : error LNK2019: 无法解析的外部符号 json_value_free，函数 receive_msg_callback 中引用了该符号
iothub_ll_c2d_sample.obj : error LNK2019: 无法解析的外部符号 json_value_get_object，函数 receive_msg_callback 中引用了该符号
E:\EIT\courses\iot\Assignments\Assignment-03\pc_vs\SmartRoom\x64\Debug\SmartRoom.exe : fatal error LNK1120: 19 个无法解析的外部命令
